#
# There is insufficient memory for the Java Runtime Environment to continue.
# Native memory allocation (malloc) failed to allocate 1228976 bytes. Error detail: Chunk::new
# Possible reasons:
#   The system is out of physical RAM or swap space
#   This process is running with CompressedOops enabled, and the Java Heap may be blocking the growth of the native heap
# Possible solutions:
#   Reduce memory load on the system
#   Increase physical memory or swap space
#   Check if swap backing store is full
#   Decrease Java heap size (-Xmx/-Xms)
#   Decrease number of Java threads
#   Decrease Java thread stack sizes (-Xss)
#   Set larger code cache with -XX:ReservedCodeCacheSize=
#   JVM is running with Zero Based Compressed Oops mode in which the Java heap is
#     placed in the first 32GB address space. The Java Heap base address is the
#     maximum limit for the native heap growth. Please use -XX:HeapBaseMinAddress
#     to set the Java Heap base and to place the Java Heap above 32GB virtual address.
# This output file may be truncated or incomplete.
#
#  Out of Memory Error (arena.cpp:168), pid=110472, tid=83084
#
# JRE version: OpenJDK Runtime Environment JBR-21.0.6+8-631.39-jcef (21.0.6+8) (build 21.0.6+8-b631.39)
# Java VM: OpenJDK 64-Bit Server VM JBR-21.0.6+8-631.39-jcef (21.0.6+8-b631.39, mixed mode, sharing, tiered, compressed oops, compressed class ptrs, g1 gc, windows-amd64)
# No core dump will be written. Minidumps are not enabled by default on client versions of Windows
#

---------------  S U M M A R Y ------------

Command Line: git4idea.http.GitAskPassApp Username for 'https://github.com': 

Host: 12th Gen Intel(R) Core(TM) i7-1260P, 16 cores, 15G,  Windows 11 , 64 bit Build 26100 (10.0.26100.3323)
Time: Tue Mar 18 17:31:31 2025 China Standard Time elapsed time: 1.594338 seconds (0d 0h 0m 1s)

---------------  T H R E A D  ---------------

Current thread (0x000002a2ccafbdb0):  JavaThread "C2 CompilerThread1" daemon [_thread_in_native, id=83084, stack(0x000000b542d00000,0x000000b542e00000) (1024K)]


Current CompileTask:
C2:1594 1179       4       sun.security.ec.ECOperations::setDouble (463 bytes)

Stack: [0x000000b542d00000,0x000000b542e00000]
Native frames: (J=compiled Java code, j=interpreted, Vv=VM code, C=native code)
V  [jvm.dll+0x6e5d39]
V  [jvm.dll+0x8c4133]
V  [jvm.dll+0x8c668e]
V  [jvm.dll+0x8c6d73]
V  [jvm.dll+0x288f76]
V  [jvm.dll+0xc66dd]
V  [jvm.dll+0xc6c13]
V  [jvm.dll+0x3c46a1]
V  [jvm.dll+0x3902c7]
V  [jvm.dll+0x38f73a]
V  [jvm.dll+0x2507c2]
V  [jvm.dll+0x24fd91]
V  [jvm.dll+0x1cd6c4]
V  [jvm.dll+0x25f60c]
V  [jvm.dll+0x25db56]
V  [jvm.dll+0x3ff756]
V  [jvm.dll+0x86bd48]
V  [jvm.dll+0x6e453d]
C  [ucrtbase.dll+0x37b0]
C  [KERNEL32.DLL+0x2e8d7]
C  [ntdll.dll+0xbbf6c]


---------------  P R O C E S S  ---------------

Threads class SMR info:
_java_thread_list=0x000002a3125a42c0, length=18, elements={
0x000002a2aee137a0, 0x000002a2cc9ea000, 0x000002a2cc9eaa50, 0x000002a2cc9ed4b0,
0x000002a2cc9edf00, 0x000002a2cc9eea80, 0x000002a2cc9ef600, 0x000002a2cc9f24c0,
0x000002a2cc9f32e0, 0x000002a2ccaf8730, 0x000002a2ccb3de80, 0x000002a2ccb45ef0,
0x000002a2ccafb010, 0x000002a2ccafb6e0, 0x000002a312543920, 0x000002a3125a5f10,
0x000002a3125bb060, 0x000002a2ccafbdb0
}

Java Threads: ( => current thread )
  0x000002a2aee137a0 JavaThread "main"                              [_thread_blocked, id=96000, stack(0x000000b541400000,0x000000b541500000) (1024K)]
  0x000002a2cc9ea000 JavaThread "Reference Handler"          daemon [_thread_blocked, id=58596, stack(0x000000b541c00000,0x000000b541d00000) (1024K)]
  0x000002a2cc9eaa50 JavaThread "Finalizer"                  daemon [_thread_blocked, id=49060, stack(0x000000b541d00000,0x000000b541e00000) (1024K)]
  0x000002a2cc9ed4b0 JavaThread "Signal Dispatcher"          daemon [_thread_blocked, id=79192, stack(0x000000b541e00000,0x000000b541f00000) (1024K)]
  0x000002a2cc9edf00 JavaThread "Attach Listener"            daemon [_thread_blocked, id=37572, stack(0x000000b541f00000,0x000000b542000000) (1024K)]
  0x000002a2cc9eea80 JavaThread "Service Thread"             daemon [_thread_blocked, id=65648, stack(0x000000b542000000,0x000000b542100000) (1024K)]
  0x000002a2cc9ef600 JavaThread "Monitor Deflation Thread"   daemon [_thread_blocked, id=100828, stack(0x000000b542100000,0x000000b542200000) (1024K)]
  0x000002a2cc9f24c0 JavaThread "C2 CompilerThread0"         daemon [_thread_blocked, id=53884, stack(0x000000b542200000,0x000000b542300000) (1024K)]
  0x000002a2cc9f32e0 JavaThread "C1 CompilerThread0"         daemon [_thread_blocked, id=45716, stack(0x000000b542300000,0x000000b542400000) (1024K)]
  0x000002a2ccaf8730 JavaThread "C1 CompilerThread1"         daemon [_thread_blocked, id=95440, stack(0x000000b542400000,0x000000b542500000) (1024K)]
  0x000002a2ccb3de80 JavaThread "Notification Thread"        daemon [_thread_blocked, id=105744, stack(0x000000b542500000,0x000000b542600000) (1024K)]
  0x000002a2ccb45ef0 JavaThread "Common-Cleaner"             daemon [_thread_blocked, id=106044, stack(0x000000b542600000,0x000000b542700000) (1024K)]
  0x000002a2ccafb010 JavaThread "C1 CompilerThread2"         daemon [_thread_blocked, id=103940, stack(0x000000b542700000,0x000000b542800000) (1024K)]
  0x000002a2ccafb6e0 JavaThread "C1 CompilerThread3"         daemon [_thread_blocked, id=100444, stack(0x000000b542800000,0x000000b542900000) (1024K)]
  0x000002a312543920 JavaThread "HttpClient-1-SelectorManager" daemon [_thread_in_native, id=110148, stack(0x000000b542900000,0x000000b542a00000) (1024K)]
  0x000002a3125a5f10 JavaThread "HttpClient-1-Worker-0"      daemon [_thread_blocked, id=105504, stack(0x000000b542b00000,0x000000b542c00000) (1024K)]
  0x000002a3125bb060 JavaThread "HttpClient-1-Worker-1"      daemon [_thread_blocked, id=52644, stack(0x000000b542c00000,0x000000b542d00000) (1024K)]
=>0x000002a2ccafbdb0 JavaThread "C2 CompilerThread1"         daemon [_thread_in_native, id=83084, stack(0x000000b542d00000,0x000000b542e00000) (1024K)]
Total: 18

Other Threads:
  0x000002a2cbc826d0 VMThread "VM Thread"                           [id=108548, stack(0x000000b541b00000,0x000000b541c00000) (1024K)]
  0x000002a2cbc74840 WatcherThread "VM Periodic Task Thread"        [id=45552, stack(0x000000b541a00000,0x000000b541b00000) (1024K)]
  0x000002a2b0a2f4d0 WorkerThread "GC Thread#0"                     [id=109608, stack(0x000000b541500000,0x000000b541600000) (1024K)]
  0x000002a2b0a42450 ConcurrentGCThread "G1 Main Marker"            [id=45028, stack(0x000000b541600000,0x000000b541700000) (1024K)]
  0x000002a2b0a42f50 WorkerThread "G1 Conc#0"                       [id=109708, stack(0x000000b541700000,0x000000b541800000) (1024K)]
  0x000002a2cbb42440 ConcurrentGCThread "G1 Refine#0"               [id=84464, stack(0x000000b541800000,0x000000b541900000) (1024K)]
  0x000002a2cbb45c80 ConcurrentGCThread "G1 Service"                [id=104344, stack(0x000000b541900000,0x000000b541a00000) (1024K)]
Total: 7

Threads with active compile tasks:
C2 CompilerThread1  1619 1179       4       sun.security.ec.ECOperations::setDouble (463 bytes)
Total: 1

VM state: not at safepoint (normal execution)

VM Mutex/Monitor currently owned by a thread: None

Heap address: 0x0000000705000000, size: 4016 MB, Compressed Oops mode: Zero based, Oop shift amount: 3

CDS archive(s) mapped at: [0x000002a2cd000000-0x000002a2cdd00000-0x000002a2cdd00000), size 13631488, SharedBaseAddress: 0x000002a2cd000000, ArchiveRelocationMode: 1.
Compressed class space mapped at: 0x000002a2ce000000-0x000002a30e000000, reserved size: 1073741824
Narrow klass base: 0x000002a2cd000000, Narrow klass shift: 0, Narrow klass range: 0x100000000

GC Precious Log:
 CardTable entry size: 512
 Card Set container configuration: InlinePtr #cards 4 size 8 Array Of Cards #cards 16 size 48 Howl #buckets 8 coarsen threshold 3686 Howl Bitmap #cards 512 size 80 coarsen threshold 460 Card regions per heap region 1 cards per card region 4096
 CPUs: 16 total, 16 available
 Memory: 16059M
 Large Page Support: Disabled
 NUMA Support: Disabled
 Compressed Oops: Enabled (Zero based)
 Heap Region Size: 2M
 Heap Min Capacity: 8M
 Heap Initial Capacity: 252M
 Heap Max Capacity: 4016M
 Pre-touch: Disabled
 Parallel Workers: 13
 Concurrent Workers: 3
 Concurrent Refinement Workers: 13
 Periodic GC: Disabled

Heap:
 garbage-first heap   total 258048K, used 16384K [0x0000000705000000, 0x0000000800000000)
  region size 2048K, 9 young (18432K), 0 survivors (0K)
 Metaspace       used 9287K, committed 9536K, reserved 1114112K
  class space    used 1063K, committed 1152K, reserved 1048576K

Heap Regions: E=young(eden), S=young(survivor), O=old, HS=humongous(starts), HC=humongous(continues), CS=collection set, F=free, TAMS=top-at-mark-start, PB=parsable bottom
|   0|0x0000000705000000, 0x0000000705000000, 0x0000000705200000|  0%| F|  |TAMS 0x0000000705000000| PB 0x0000000705000000| Untracked 
|   1|0x0000000705200000, 0x0000000705200000, 0x0000000705400000|  0%| F|  |TAMS 0x0000000705200000| PB 0x0000000705200000| Untracked 
|   2|0x0000000705400000, 0x0000000705400000, 0x0000000705600000|  0%| F|  |TAMS 0x0000000705400000| PB 0x0000000705400000| Untracked 
|   3|0x0000000705600000, 0x0000000705600000, 0x0000000705800000|  0%| F|  |TAMS 0x0000000705600000| PB 0x0000000705600000| Untracked 
|   4|0x0000000705800000, 0x0000000705800000, 0x0000000705a00000|  0%| F|  |TAMS 0x0000000705800000| PB 0x0000000705800000| Untracked 
|   5|0x0000000705a00000, 0x0000000705a00000, 0x0000000705c00000|  0%| F|  |TAMS 0x0000000705a00000| PB 0x0000000705a00000| Untracked 
|   6|0x0000000705c00000, 0x0000000705c00000, 0x0000000705e00000|  0%| F|  |TAMS 0x0000000705c00000| PB 0x0000000705c00000| Untracked 
|   7|0x0000000705e00000, 0x0000000705e00000, 0x0000000706000000|  0%| F|  |TAMS 0x0000000705e00000| PB 0x0000000705e00000| Untracked 
|   8|0x0000000706000000, 0x0000000706000000, 0x0000000706200000|  0%| F|  |TAMS 0x0000000706000000| PB 0x0000000706000000| Untracked 
|   9|0x0000000706200000, 0x0000000706200000, 0x0000000706400000|  0%| F|  |TAMS 0x0000000706200000| PB 0x0000000706200000| Untracked 
|  10|0x0000000706400000, 0x0000000706400000, 0x0000000706600000|  0%| F|  |TAMS 0x0000000706400000| PB 0x0000000706400000| Untracked 
|  11|0x0000000706600000, 0x0000000706600000, 0x0000000706800000|  0%| F|  |TAMS 0x0000000706600000| PB 0x0000000706600000| Untracked 
|  12|0x0000000706800000, 0x0000000706800000, 0x0000000706a00000|  0%| F|  |TAMS 0x0000000706800000| PB 0x0000000706800000| Untracked 
|  13|0x0000000706a00000, 0x0000000706a00000, 0x0000000706c00000|  0%| F|  |TAMS 0x0000000706a00000| PB 0x0000000706a00000| Untracked 
|  14|0x0000000706c00000, 0x0000000706c00000, 0x0000000706e00000|  0%| F|  |TAMS 0x0000000706c00000| PB 0x0000000706c00000| Untracked 
|  15|0x0000000706e00000, 0x0000000706e00000, 0x0000000707000000|  0%| F|  |TAMS 0x0000000706e00000| PB 0x0000000706e00000| Untracked 
|  16|0x0000000707000000, 0x0000000707000000, 0x0000000707200000|  0%| F|  |TAMS 0x0000000707000000| PB 0x0000000707000000| Untracked 
|  17|0x0000000707200000, 0x0000000707200000, 0x0000000707400000|  0%| F|  |TAMS 0x0000000707200000| PB 0x0000000707200000| Untracked 
|  18|0x0000000707400000, 0x0000000707400000, 0x0000000707600000|  0%| F|  |TAMS 0x0000000707400000| PB 0x0000000707400000| Untracked 
|  19|0x0000000707600000, 0x0000000707600000, 0x0000000707800000|  0%| F|  |TAMS 0x0000000707600000| PB 0x0000000707600000| Untracked 
|  20|0x0000000707800000, 0x0000000707800000, 0x0000000707a00000|  0%| F|  |TAMS 0x0000000707800000| PB 0x0000000707800000| Untracked 
|  21|0x0000000707a00000, 0x0000000707a00000, 0x0000000707c00000|  0%| F|  |TAMS 0x0000000707a00000| PB 0x0000000707a00000| Untracked 
|  22|0x0000000707c00000, 0x0000000707c00000, 0x0000000707e00000|  0%| F|  |TAMS 0x0000000707c00000| PB 0x0000000707c00000| Untracked 
|  23|0x0000000707e00000, 0x0000000707e00000, 0x0000000708000000|  0%| F|  |TAMS 0x0000000707e00000| PB 0x0000000707e00000| Untracked 
|  24|0x0000000708000000, 0x0000000708000000, 0x0000000708200000|  0%| F|  |TAMS 0x0000000708000000| PB 0x0000000708000000| Untracked 
|  25|0x0000000708200000, 0x0000000708200000, 0x0000000708400000|  0%| F|  |TAMS 0x0000000708200000| PB 0x0000000708200000| Untracked 
|  26|0x0000000708400000, 0x0000000708400000, 0x0000000708600000|  0%| F|  |TAMS 0x0000000708400000| PB 0x0000000708400000| Untracked 
|  27|0x0000000708600000, 0x0000000708600000, 0x0000000708800000|  0%| F|  |TAMS 0x0000000708600000| PB 0x0000000708600000| Untracked 
|  28|0x0000000708800000, 0x0000000708800000, 0x0000000708a00000|  0%| F|  |TAMS 0x0000000708800000| PB 0x0000000708800000| Untracked 
|  29|0x0000000708a00000, 0x0000000708a00000, 0x0000000708c00000|  0%| F|  |TAMS 0x0000000708a00000| PB 0x0000000708a00000| Untracked 
|  30|0x0000000708c00000, 0x0000000708c00000, 0x0000000708e00000|  0%| F|  |TAMS 0x0000000708c00000| PB 0x0000000708c00000| Untracked 
|  31|0x0000000708e00000, 0x0000000708e00000, 0x0000000709000000|  0%| F|  |TAMS 0x0000000708e00000| PB 0x0000000708e00000| Untracked 
|  32|0x0000000709000000, 0x0000000709000000, 0x0000000709200000|  0%| F|  |TAMS 0x0000000709000000| PB 0x0000000709000000| Untracked 
|  33|0x0000000709200000, 0x0000000709200000, 0x0000000709400000|  0%| F|  |TAMS 0x0000000709200000| PB 0x0000000709200000| Untracked 
|  34|0x0000000709400000, 0x0000000709400000, 0x0000000709600000|  0%| F|  |TAMS 0x0000000709400000| PB 0x0000000709400000| Untracked 
|  35|0x0000000709600000, 0x0000000709600000, 0x0000000709800000|  0%| F|  |TAMS 0x0000000709600000| PB 0x0000000709600000| Untracked 
|  36|0x0000000709800000, 0x0000000709800000, 0x0000000709a00000|  0%| F|  |TAMS 0x0000000709800000| PB 0x0000000709800000| Untracked 
|  37|0x0000000709a00000, 0x0000000709a00000, 0x0000000709c00000|  0%| F|  |TAMS 0x0000000709a00000| PB 0x0000000709a00000| Untracked 
|  38|0x0000000709c00000, 0x0000000709c00000, 0x0000000709e00000|  0%| F|  |TAMS 0x0000000709c00000| PB 0x0000000709c00000| Untracked 
|  39|0x0000000709e00000, 0x0000000709e00000, 0x000000070a000000|  0%| F|  |TAMS 0x0000000709e00000| PB 0x0000000709e00000| Untracked 
|  40|0x000000070a000000, 0x000000070a000000, 0x000000070a200000|  0%| F|  |TAMS 0x000000070a000000| PB 0x000000070a000000| Untracked 
|  41|0x000000070a200000, 0x000000070a200000, 0x000000070a400000|  0%| F|  |TAMS 0x000000070a200000| PB 0x000000070a200000| Untracked 
|  42|0x000000070a400000, 0x000000070a400000, 0x000000070a600000|  0%| F|  |TAMS 0x000000070a400000| PB 0x000000070a400000| Untracked 
|  43|0x000000070a600000, 0x000000070a600000, 0x000000070a800000|  0%| F|  |TAMS 0x000000070a600000| PB 0x000000070a600000| Untracked 
|  44|0x000000070a800000, 0x000000070a800000, 0x000000070aa00000|  0%| F|  |TAMS 0x000000070a800000| PB 0x000000070a800000| Untracked 
|  45|0x000000070aa00000, 0x000000070aa00000, 0x000000070ac00000|  0%| F|  |TAMS 0x000000070aa00000| PB 0x000000070aa00000| Untracked 
|  46|0x000000070ac00000, 0x000000070ac00000, 0x000000070ae00000|  0%| F|  |TAMS 0x000000070ac00000| PB 0x000000070ac00000| Untracked 
|  47|0x000000070ae00000, 0x000000070ae00000, 0x000000070b000000|  0%| F|  |TAMS 0x000000070ae00000| PB 0x000000070ae00000| Untracked 
|  48|0x000000070b000000, 0x000000070b000000, 0x000000070b200000|  0%| F|  |TAMS 0x000000070b000000| PB 0x000000070b000000| Untracked 
|  49|0x000000070b200000, 0x000000070b200000, 0x000000070b400000|  0%| F|  |TAMS 0x000000070b200000| PB 0x000000070b200000| Untracked 
|  50|0x000000070b400000, 0x000000070b400000, 0x000000070b600000|  0%| F|  |TAMS 0x000000070b400000| PB 0x000000070b400000| Untracked 
|  51|0x000000070b600000, 0x000000070b600000, 0x000000070b800000|  0%| F|  |TAMS 0x000000070b600000| PB 0x000000070b600000| Untracked 
|  52|0x000000070b800000, 0x000000070b800000, 0x000000070ba00000|  0%| F|  |TAMS 0x000000070b800000| PB 0x000000070b800000| Untracked 
|  53|0x000000070ba00000, 0x000000070ba00000, 0x000000070bc00000|  0%| F|  |TAMS 0x000000070ba00000| PB 0x000000070ba00000| Untracked 
|  54|0x000000070bc00000, 0x000000070bc00000, 0x000000070be00000|  0%| F|  |TAMS 0x000000070bc00000| PB 0x000000070bc00000| Untracked 
|  55|0x000000070be00000, 0x000000070be00000, 0x000000070c000000|  0%| F|  |TAMS 0x000000070be00000| PB 0x000000070be00000| Untracked 
|  56|0x000000070c000000, 0x000000070c000000, 0x000000070c200000|  0%| F|  |TAMS 0x000000070c000000| PB 0x000000070c000000| Untracked 
|  57|0x000000070c200000, 0x000000070c200000, 0x000000070c400000|  0%| F|  |TAMS 0x000000070c200000| PB 0x000000070c200000| Untracked 
|  58|0x000000070c400000, 0x000000070c400000, 0x000000070c600000|  0%| F|  |TAMS 0x000000070c400000| PB 0x000000070c400000| Untracked 
|  59|0x000000070c600000, 0x000000070c600000, 0x000000070c800000|  0%| F|  |TAMS 0x000000070c600000| PB 0x000000070c600000| Untracked 
|  60|0x000000070c800000, 0x000000070c800000, 0x000000070ca00000|  0%| F|  |TAMS 0x000000070c800000| PB 0x000000070c800000| Untracked 
|  61|0x000000070ca00000, 0x000000070ca00000, 0x000000070cc00000|  0%| F|  |TAMS 0x000000070ca00000| PB 0x000000070ca00000| Untracked 
|  62|0x000000070cc00000, 0x000000070cc00000, 0x000000070ce00000|  0%| F|  |TAMS 0x000000070cc00000| PB 0x000000070cc00000| Untracked 
|  63|0x000000070ce00000, 0x000000070ce00000, 0x000000070d000000|  0%| F|  |TAMS 0x000000070ce00000| PB 0x000000070ce00000| Untracked 
|  64|0x000000070d000000, 0x000000070d000000, 0x000000070d200000|  0%| F|  |TAMS 0x000000070d000000| PB 0x000000070d000000| Untracked 
|  65|0x000000070d200000, 0x000000070d200000, 0x000000070d400000|  0%| F|  |TAMS 0x000000070d200000| PB 0x000000070d200000| Untracked 
|  66|0x000000070d400000, 0x000000070d400000, 0x000000070d600000|  0%| F|  |TAMS 0x000000070d400000| PB 0x000000070d400000| Untracked 
|  67|0x000000070d600000, 0x000000070d600000, 0x000000070d800000|  0%| F|  |TAMS 0x000000070d600000| PB 0x000000070d600000| Untracked 
|  68|0x000000070d800000, 0x000000070d800000, 0x000000070da00000|  0%| F|  |TAMS 0x000000070d800000| PB 0x000000070d800000| Untracked 
|  69|0x000000070da00000, 0x000000070da00000, 0x000000070dc00000|  0%| F|  |TAMS 0x000000070da00000| PB 0x000000070da00000| Untracked 
|  70|0x000000070dc00000, 0x000000070dc00000, 0x000000070de00000|  0%| F|  |TAMS 0x000000070dc00000| PB 0x000000070dc00000| Untracked 
|  71|0x000000070de00000, 0x000000070de00000, 0x000000070e000000|  0%| F|  |TAMS 0x000000070de00000| PB 0x000000070de00000| Untracked 
|  72|0x000000070e000000, 0x000000070e000000, 0x000000070e200000|  0%| F|  |TAMS 0x000000070e000000| PB 0x000000070e000000| Untracked 
|  73|0x000000070e200000, 0x000000070e200000, 0x000000070e400000|  0%| F|  |TAMS 0x000000070e200000| PB 0x000000070e200000| Untracked 
|  74|0x000000070e400000, 0x000000070e400000, 0x000000070e600000|  0%| F|  |TAMS 0x000000070e400000| PB 0x000000070e400000| Untracked 
|  75|0x000000070e600000, 0x000000070e600000, 0x000000070e800000|  0%| F|  |TAMS 0x000000070e600000| PB 0x000000070e600000| Untracked 
|  76|0x000000070e800000, 0x000000070e800000, 0x000000070ea00000|  0%| F|  |TAMS 0x000000070e800000| PB 0x000000070e800000| Untracked 
|  77|0x000000070ea00000, 0x000000070ea00000, 0x000000070ec00000|  0%| F|  |TAMS 0x000000070ea00000| PB 0x000000070ea00000| Untracked 
|  78|0x000000070ec00000, 0x000000070ec00000, 0x000000070ee00000|  0%| F|  |TAMS 0x000000070ec00000| PB 0x000000070ec00000| Untracked 
|  79|0x000000070ee00000, 0x000000070ee00000, 0x000000070f000000|  0%| F|  |TAMS 0x000000070ee00000| PB 0x000000070ee00000| Untracked 
|  80|0x000000070f000000, 0x000000070f000000, 0x000000070f200000|  0%| F|  |TAMS 0x000000070f000000| PB 0x000000070f000000| Untracked 
|  81|0x000000070f200000, 0x000000070f200000, 0x000000070f400000|  0%| F|  |TAMS 0x000000070f200000| PB 0x000000070f200000| Untracked 
|  82|0x000000070f400000, 0x000000070f400000, 0x000000070f600000|  0%| F|  |TAMS 0x000000070f400000| PB 0x000000070f400000| Untracked 
|  83|0x000000070f600000, 0x000000070f600000, 0x000000070f800000|  0%| F|  |TAMS 0x000000070f600000| PB 0x000000070f600000| Untracked 
|  84|0x000000070f800000, 0x000000070f800000, 0x000000070fa00000|  0%| F|  |TAMS 0x000000070f800000| PB 0x000000070f800000| Untracked 
|  85|0x000000070fa00000, 0x000000070fa00000, 0x000000070fc00000|  0%| F|  |TAMS 0x000000070fa00000| PB 0x000000070fa00000| Untracked 
|  86|0x000000070fc00000, 0x000000070fc00000, 0x000000070fe00000|  0%| F|  |TAMS 0x000000070fc00000| PB 0x000000070fc00000| Untracked 
|  87|0x000000070fe00000, 0x000000070fe00000, 0x0000000710000000|  0%| F|  |TAMS 0x000000070fe00000| PB 0x000000070fe00000| Untracked 
|  88|0x0000000710000000, 0x0000000710000000, 0x0000000710200000|  0%| F|  |TAMS 0x0000000710000000| PB 0x0000000710000000| Untracked 
|  89|0x0000000710200000, 0x0000000710200000, 0x0000000710400000|  0%| F|  |TAMS 0x0000000710200000| PB 0x0000000710200000| Untracked 
|  90|0x0000000710400000, 0x0000000710400000, 0x0000000710600000|  0%| F|  |TAMS 0x0000000710400000| PB 0x0000000710400000| Untracked 
|  91|0x0000000710600000, 0x0000000710600000, 0x0000000710800000|  0%| F|  |TAMS 0x0000000710600000| PB 0x0000000710600000| Untracked 
|  92|0x0000000710800000, 0x0000000710800000, 0x0000000710a00000|  0%| F|  |TAMS 0x0000000710800000| PB 0x0000000710800000| Untracked 
|  93|0x0000000710a00000, 0x0000000710a00000, 0x0000000710c00000|  0%| F|  |TAMS 0x0000000710a00000| PB 0x0000000710a00000| Untracked 
|  94|0x0000000710c00000, 0x0000000710c00000, 0x0000000710e00000|  0%| F|  |TAMS 0x0000000710c00000| PB 0x0000000710c00000| Untracked 
|  95|0x0000000710e00000, 0x0000000710e00000, 0x0000000711000000|  0%| F|  |TAMS 0x0000000710e00000| PB 0x0000000710e00000| Untracked 
|  96|0x0000000711000000, 0x0000000711000000, 0x0000000711200000|  0%| F|  |TAMS 0x0000000711000000| PB 0x0000000711000000| Untracked 
|  97|0x0000000711200000, 0x0000000711200000, 0x0000000711400000|  0%| F|  |TAMS 0x0000000711200000| PB 0x0000000711200000| Untracked 
|  98|0x0000000711400000, 0x0000000711400000, 0x0000000711600000|  0%| F|  |TAMS 0x0000000711400000| PB 0x0000000711400000| Untracked 
|  99|0x0000000711600000, 0x0000000711600000, 0x0000000711800000|  0%| F|  |TAMS 0x0000000711600000| PB 0x0000000711600000| Untracked 
| 100|0x0000000711800000, 0x0000000711800000, 0x0000000711a00000|  0%| F|  |TAMS 0x0000000711800000| PB 0x0000000711800000| Untracked 
| 101|0x0000000711a00000, 0x0000000711a00000, 0x0000000711c00000|  0%| F|  |TAMS 0x0000000711a00000| PB 0x0000000711a00000| Untracked 
| 102|0x0000000711c00000, 0x0000000711c00000, 0x0000000711e00000|  0%| F|  |TAMS 0x0000000711c00000| PB 0x0000000711c00000| Untracked 
| 103|0x0000000711e00000, 0x0000000711e00000, 0x0000000712000000|  0%| F|  |TAMS 0x0000000711e00000| PB 0x0000000711e00000| Untracked 
| 104|0x0000000712000000, 0x0000000712000000, 0x0000000712200000|  0%| F|  |TAMS 0x0000000712000000| PB 0x0000000712000000| Untracked 
| 105|0x0000000712200000, 0x0000000712200000, 0x0000000712400000|  0%| F|  |TAMS 0x0000000712200000| PB 0x0000000712200000| Untracked 
| 106|0x0000000712400000, 0x0000000712400000, 0x0000000712600000|  0%| F|  |TAMS 0x0000000712400000| PB 0x0000000712400000| Untracked 
| 107|0x0000000712600000, 0x0000000712600000, 0x0000000712800000|  0%| F|  |TAMS 0x0000000712600000| PB 0x0000000712600000| Untracked 
| 108|0x0000000712800000, 0x0000000712800000, 0x0000000712a00000|  0%| F|  |TAMS 0x0000000712800000| PB 0x0000000712800000| Untracked 
| 109|0x0000000712a00000, 0x0000000712a00000, 0x0000000712c00000|  0%| F|  |TAMS 0x0000000712a00000| PB 0x0000000712a00000| Untracked 
| 110|0x0000000712c00000, 0x0000000712c00000, 0x0000000712e00000|  0%| F|  |TAMS 0x0000000712c00000| PB 0x0000000712c00000| Untracked 
| 111|0x0000000712e00000, 0x0000000712e00000, 0x0000000713000000|  0%| F|  |TAMS 0x0000000712e00000| PB 0x0000000712e00000| Untracked 
| 112|0x0000000713000000, 0x0000000713000000, 0x0000000713200000|  0%| F|  |TAMS 0x0000000713000000| PB 0x0000000713000000| Untracked 
| 113|0x0000000713200000, 0x0000000713200000, 0x0000000713400000|  0%| F|  |TAMS 0x0000000713200000| PB 0x0000000713200000| Untracked 
| 114|0x0000000713400000, 0x0000000713400000, 0x0000000713600000|  0%| F|  |TAMS 0x0000000713400000| PB 0x0000000713400000| Untracked 
| 115|0x0000000713600000, 0x0000000713600000, 0x0000000713800000|  0%| F|  |TAMS 0x0000000713600000| PB 0x0000000713600000| Untracked 
| 116|0x0000000713800000, 0x0000000713800000, 0x0000000713a00000|  0%| F|  |TAMS 0x0000000713800000| PB 0x0000000713800000| Untracked 
| 117|0x0000000713a00000, 0x0000000713c00000, 0x0000000713c00000|100%| E|  |TAMS 0x0000000713a00000| PB 0x0000000713a00000| Complete 
| 118|0x0000000713c00000, 0x0000000713e00000, 0x0000000713e00000|100%| E|CS|TAMS 0x0000000713c00000| PB 0x0000000713c00000| Complete 
| 119|0x0000000713e00000, 0x0000000714000000, 0x0000000714000000|100%| E|CS|TAMS 0x0000000713e00000| PB 0x0000000713e00000| Complete 
| 120|0x0000000714000000, 0x0000000714200000, 0x0000000714200000|100%| E|CS|TAMS 0x0000000714000000| PB 0x0000000714000000| Complete 
| 121|0x0000000714200000, 0x0000000714400000, 0x0000000714400000|100%| E|CS|TAMS 0x0000000714200000| PB 0x0000000714200000| Complete 
| 122|0x0000000714400000, 0x0000000714600000, 0x0000000714600000|100%| E|CS|TAMS 0x0000000714400000| PB 0x0000000714400000| Complete 
| 123|0x0000000714600000, 0x0000000714800000, 0x0000000714800000|100%| E|CS|TAMS 0x0000000714600000| PB 0x0000000714600000| Complete 
| 124|0x0000000714800000, 0x0000000714a00000, 0x0000000714a00000|100%| E|CS|TAMS 0x0000000714800000| PB 0x0000000714800000| Complete 
| 125|0x0000000714a00000, 0x0000000714c00000, 0x0000000714c00000|100%| E|CS|TAMS 0x0000000714a00000| PB 0x0000000714a00000| Complete 

Card table byte_map: [0x000002a2c5200000,0x000002a2c59e0000] _byte_map_base: 0x000002a2c19d8000

Marking Bits: (CMBitMap*) 0x000002a2b0a2fbd0
 Bits: [0x000002a2c59e0000, 0x000002a2c98a0000)

Polling page: 0x000002a2af1c0000

Metaspace:

Usage:
  Non-class:      8.03 MB used.
      Class:      1.04 MB used.
       Both:      9.07 MB used.

Virtual space:
  Non-class space:       64.00 MB reserved,       8.19 MB ( 13%) committed,  1 nodes.
      Class space:        1.00 GB reserved,       1.12 MB ( <1%) committed,  1 nodes.
             Both:        1.06 GB reserved,       9.31 MB ( <1%) committed. 

Chunk freelists:
   Non-Class:  6.89 MB
       Class:  14.69 MB
        Both:  21.58 MB

MaxMetaspaceSize: unlimited
CompressedClassSpaceSize: 1.00 GB
Initial GC threshold: 21.00 MB
Current GC threshold: 21.00 MB
CDS: on
 - commit_granule_bytes: 65536.
 - commit_granule_words: 8192.
 - virtual_space_node_default_size: 8388608.
 - enlarge_chunks_in_place: 1.
 - use_allocation_guard: 0.


Internal statistics:

num_allocs_failed_limit: 0.
num_arena_births: 244.
num_arena_deaths: 0.
num_vsnodes_births: 2.
num_vsnodes_deaths: 0.
num_space_committed: 149.
num_space_uncommitted: 0.
num_chunks_returned_to_freelist: 0.
num_chunks_taken_from_freelist: 418.
num_chunk_merges: 0.
num_chunk_splits: 240.
num_chunks_enlarged: 109.
num_inconsistent_stats: 0.

CodeHeap 'non-profiled nmethods': size=119168Kb used=419Kb max_used=419Kb free=118748Kb
 bounds [0x000002a2bc5f0000, 0x000002a2bc860000, 0x000002a2c3a50000]
CodeHeap 'profiled nmethods': size=119104Kb used=2144Kb max_used=2144Kb free=116959Kb
 bounds [0x000002a2b4a50000, 0x000002a2b4cc0000, 0x000002a2bbea0000]
CodeHeap 'non-nmethods': size=7488Kb used=3125Kb max_used=3142Kb free=4362Kb
 bounds [0x000002a2bbea0000, 0x000002a2bc1c0000, 0x000002a2bc5f0000]
 total_blobs=1808 nmethods=1286 adapters=424
 compilation: enabled
              stopped_count=0, restarted_count=0
 full_count=0

Compilation events (20 events):
Event: 0.546 Thread 0x000002a2ccafb010 1280       3       jdk.internal.org.objectweb.asm.FieldWriter::visitEnd (1 bytes)
Event: 0.546 Thread 0x000002a2ccafb010 nmethod 1280 0x000002a2b4c62b90 code [0x000002a2b4c62d20, 0x000002a2b4c62e28]
Event: 0.546 Thread 0x000002a2ccafb6e0 nmethod 1276 0x000002a2b4c62e90 code [0x000002a2b4c63060, 0x000002a2b4c633d8]
Event: 0.546 Thread 0x000002a2cc9f32e0 nmethod 1277 0x000002a2b4c63510 code [0x000002a2b4c63700, 0x000002a2b4c63ac0]
Event: 0.547 Thread 0x000002a2ccaf8730 nmethod 1279 0x000002a2b4c63c90 code [0x000002a2b4c63ec0, 0x000002a2b4c64660]
Event: 0.547 Thread 0x000002a2ccaf8730 1281   !   3       java.lang.invoke.MethodHandleNatives::linkMethodHandleConstant (50 bytes)
Event: 0.547 Thread 0x000002a2cc9f32e0 1282       3       java.lang.invoke.MethodHandles$Lookup::linkMethodHandleConstant (223 bytes)
Event: 0.547 Thread 0x000002a2ccaf8730 nmethod 1281 0x000002a2b4c64910 code [0x000002a2b4c64ae0, 0x000002a2b4c64ce8]
Event: 0.548 Thread 0x000002a2cc9f32e0 nmethod 1282 0x000002a2b4c64e90 code [0x000002a2b4c65280, 0x000002a2b4c66a70]
Event: 0.549 Thread 0x000002a2cc9f32e0 1283       3       java.util.concurrent.locks.AbstractQueuedSynchronizer::signalNext (34 bytes)
Event: 0.550 Thread 0x000002a2cc9f24c0 nmethod 1275 0x000002a2bc657d10 code [0x000002a2bc657f20, 0x000002a2bc658348]
Event: 0.550 Thread 0x000002a2cc9f32e0 nmethod 1283 0x000002a2b4c67210 code [0x000002a2b4c67400, 0x000002a2b4c67890]
Event: 0.550 Thread 0x000002a2cc9f32e0 1284       3       java.nio.MappedByteBuffer::limit (6 bytes)
Event: 0.550 Thread 0x000002a2cc9f32e0 nmethod 1284 0x000002a2b4c67a10 code [0x000002a2b4c67bc0, 0x000002a2b4c67dd0]
Event: 0.551 Thread 0x000002a2ccafb6e0 1285       1       java.util.concurrent.atomic.AtomicInteger::get (5 bytes)
Event: 0.551 Thread 0x000002a2ccafb6e0 nmethod 1285 0x000002a2bc658690 code [0x000002a2bc658820, 0x000002a2bc6588e8]
Event: 0.552 Thread 0x000002a2ccafb6e0 1286       3       java.nio.ByteBuffer::get (9 bytes)
Event: 0.552 Thread 0x000002a2ccafb6e0 nmethod 1286 0x000002a2b4c67f10 code [0x000002a2b4c680c0, 0x000002a2b4c682a0]
Event: 0.552 Thread 0x000002a2cc9f32e0 1287       1       sun.security.provider.DigestBase::engineGetDigestLength (5 bytes)
Event: 0.553 Thread 0x000002a2cc9f32e0 nmethod 1287 0x000002a2bc658990 code [0x000002a2bc658b20, 0x000002a2bc658be8]

GC Heap History (0 events):
No events

Dll operation events (2 events):
Event: 0.007 Loaded shared library C:\Users\RomanDu\AppData\Local\Programs\Rider\jbr\bin\java.dll
Event: 0.036 Loaded shared library C:\Users\RomanDu\AppData\Local\Programs\Rider\jbr\bin\zip.dll

Deoptimization events (20 events):
Event: 0.489 Thread 0x000002a3125a5f10 Uncommon trap: trap_request=0xffffff66 fr.pc=0x000002a2bc64b274 relative=0x0000000000000314
Event: 0.489 Thread 0x000002a3125a5f10 Uncommon trap: reason=speculate_class_check action=maybe_recompile pc=0x000002a2bc64b274 method=sun.security.util.math.intpoly.IntegerPolynomial.multByInt([JJ)V @ 26 c2
Event: 0.489 Thread 0x000002a3125a5f10 DEOPT PACKING pc=0x000002a2bc64b274 sp=0x000000b542bfe510
Event: 0.489 Thread 0x000002a3125a5f10 DEOPT UNPACKING pc=0x000002a2bbef46a2 sp=0x000000b542bfe3f8 mode 2
Event: 0.489 Thread 0x000002a3125a5f10 Uncommon trap: trap_request=0xffffff66 fr.pc=0x000002a2bc64b274 relative=0x0000000000000314
Event: 0.489 Thread 0x000002a3125a5f10 Uncommon trap: reason=speculate_class_check action=maybe_recompile pc=0x000002a2bc64b274 method=sun.security.util.math.intpoly.IntegerPolynomial.multByInt([JJ)V @ 26 c2
Event: 0.489 Thread 0x000002a3125a5f10 DEOPT PACKING pc=0x000002a2bc64b274 sp=0x000000b542bfe510
Event: 0.489 Thread 0x000002a3125a5f10 DEOPT UNPACKING pc=0x000002a2bbef46a2 sp=0x000000b542bfe3f8 mode 2
Event: 0.489 Thread 0x000002a3125a5f10 Uncommon trap: trap_request=0xffffff66 fr.pc=0x000002a2bc64b274 relative=0x0000000000000314
Event: 0.489 Thread 0x000002a3125a5f10 Uncommon trap: reason=speculate_class_check action=maybe_recompile pc=0x000002a2bc64b274 method=sun.security.util.math.intpoly.IntegerPolynomial.multByInt([JJ)V @ 26 c2
Event: 0.489 Thread 0x000002a3125a5f10 DEOPT PACKING pc=0x000002a2bc64b274 sp=0x000000b542bfe510
Event: 0.489 Thread 0x000002a3125a5f10 DEOPT UNPACKING pc=0x000002a2bbef46a2 sp=0x000000b542bfe3f8 mode 2
Event: 0.489 Thread 0x000002a3125a5f10 Uncommon trap: trap_request=0xffffff66 fr.pc=0x000002a2bc64bbf4 relative=0x0000000000000314
Event: 0.489 Thread 0x000002a3125a5f10 Uncommon trap: reason=speculate_class_check action=maybe_recompile pc=0x000002a2bc64bbf4 method=sun.security.util.math.intpoly.IntegerPolynomial.multByInt([JJ)V @ 26 c2
Event: 0.489 Thread 0x000002a3125a5f10 DEOPT PACKING pc=0x000002a2bc64bbf4 sp=0x000000b542bfe4a0
Event: 0.489 Thread 0x000002a3125a5f10 DEOPT UNPACKING pc=0x000002a2bbef46a2 sp=0x000000b542bfe3f0 mode 2
Event: 0.489 Thread 0x000002a3125a5f10 Uncommon trap: trap_request=0xffffff66 fr.pc=0x000002a2bc64bbf4 relative=0x0000000000000314
Event: 0.489 Thread 0x000002a3125a5f10 Uncommon trap: reason=speculate_class_check action=maybe_recompile pc=0x000002a2bc64bbf4 method=sun.security.util.math.intpoly.IntegerPolynomial.multByInt([JJ)V @ 26 c2
Event: 0.489 Thread 0x000002a3125a5f10 DEOPT PACKING pc=0x000002a2bc64bbf4 sp=0x000000b542bfe4a0
Event: 0.489 Thread 0x000002a3125a5f10 DEOPT UNPACKING pc=0x000002a2bbef46a2 sp=0x000000b542bfe3f0 mode 2

Classes loaded (20 events):
Event: 0.518 Loading class jdk/internal/event/TLSHandshakeEvent
Event: 0.518 Loading class jdk/internal/event/TLSHandshakeEvent done
Event: 0.518 Loading class com/sun/crypto/provider/GaloisCounterMode$GCMEncrypt
Event: 0.518 Loading class com/sun/crypto/provider/GaloisCounterMode$GCMEncrypt done
Event: 0.518 Loading class com/sun/crypto/provider/GaloisCounterMode$EncryptOp
Event: 0.518 Loading class com/sun/crypto/provider/GaloisCounterMode$EncryptOp done
Event: 0.519 Loading class sun/security/ssl/CipherSuite$1
Event: 0.519 Loading class sun/security/ssl/CipherSuite$1 done
Event: 0.520 Loading class java/util/concurrent/CompletionException
Event: 0.521 Loading class java/util/concurrent/CompletionException done
Event: 0.542 Loading class java/util/Collections$UnmodifiableMap$UnmodifiableEntrySet
Event: 0.542 Loading class java/util/Collections$UnmodifiableMap$UnmodifiableEntrySet done
Event: 0.542 Loading class java/util/Collections$UnmodifiableMap$UnmodifiableEntrySet$1
Event: 0.542 Loading class java/util/Collections$UnmodifiableMap$UnmodifiableEntrySet$1 done
Event: 0.542 Loading class java/util/Collections$UnmodifiableMap$UnmodifiableEntrySet$UnmodifiableEntry
Event: 0.542 Loading class java/util/Collections$UnmodifiableMap$UnmodifiableEntrySet$UnmodifiableEntry done
Event: 0.552 Loading class sun/security/ssl/NewSessionTicket$T13NewSessionTicketMessage
Event: 0.552 Loading class sun/security/ssl/NewSessionTicket$NewSessionTicketMessage
Event: 0.552 Loading class sun/security/ssl/NewSessionTicket$NewSessionTicketMessage done
Event: 0.552 Loading class sun/security/ssl/NewSessionTicket$T13NewSessionTicketMessage done

Classes unloaded (0 events):
No events

Classes redefined (0 events):
No events

Internal exceptions (20 events):
Event: 0.248 Thread 0x000002a2aee137a0 Exception <a 'java/lang/NoSuchMethodError'{0x00000007145c5c68}: 'int java.lang.invoke.DirectMethodHandle$Holder.invokeStaticInit(java.lang.Object, float, float)'> (0x00000007145c5c68) 
thrown [s\src\hotspot\share\interpreter\linkResolver.cpp, line 784]
Event: 0.249 Thread 0x000002a2aee137a0 Exception <a 'java/lang/NoSuchMethodError'{0x00000007145cc6f8}: 'int java.lang.invoke.DirectMethodHandle$Holder.invokeStaticInit(java.lang.Object, double, double)'> (0x00000007145cc6f8) 
thrown [s\src\hotspot\share\interpreter\linkResolver.cpp, line 784]
Event: 0.250 Thread 0x000002a2aee137a0 Exception <a 'java/lang/NoSuchMethodError'{0x00000007145d0d80}: 'int java.lang.invoke.DirectMethodHandle$Holder.invokeStatic(java.lang.Object, long)'> (0x00000007145d0d80) 
thrown [s\src\hotspot\share\interpreter\linkResolver.cpp, line 784]
Event: 0.254 Thread 0x000002a2aee137a0 Exception <a 'java/lang/NoSuchMethodError'{0x000000071420f5c0}: 'java.lang.Object java.lang.invoke.DirectMethodHandle$Holder.invokeSpecial(java.lang.Object, java.lang.Object, int, java.lang.Object, java.lang.Object)'> (0x000000071420f5c0) 
thrown [s\src\hotspot\share\interpreter\linkResolver.cpp, line 784]
Event: 0.254 Thread 0x000002a2aee137a0 Exception <a 'java/lang/NoSuchMethodError'{0x0000000714212f50}: 'java.lang.Object java.lang.invoke.DelegatingMethodHandle$Holder.delegate(java.lang.Object, int, java.lang.Object, java.lang.Object)'> (0x0000000714212f50) 
thrown [s\src\hotspot\share\interpreter\linkResolver.cpp, line 784]
Event: 0.256 Thread 0x000002a2aee137a0 Exception <a 'java/lang/NoSuchMethodError'{0x0000000714222270}: 'int java.lang.invoke.Invokers$Holder.linkToTargetMethod(java.lang.Object, java.lang.Object, java.lang.Object)'> (0x0000000714222270) 
thrown [s\src\hotspot\share\interpreter\linkResolver.cpp, line 784]
Event: 0.259 Thread 0x000002a2aee137a0 Exception <a 'java/lang/NoSuchMethodError'{0x0000000714253f18}: 'long java.lang.invoke.DirectMethodHandle$Holder.invokeSpecial(java.lang.Object, java.lang.Object)'> (0x0000000714253f18) 
thrown [s\src\hotspot\share\interpreter\linkResolver.cpp, line 784]
Event: 0.260 Thread 0x000002a2aee137a0 Exception <a 'java/lang/NoSuchMethodError'{0x000000071425a7e8}: 'int java.lang.invoke.DirectMethodHandle$Holder.invokeStatic(java.lang.Object, java.lang.Object, java.lang.Object, java.lang.Object)'> (0x000000071425a7e8) 
thrown [s\src\hotspot\share\interpreter\linkResolver.cpp, line 784]
Event: 0.260 Thread 0x000002a2aee137a0 Exception <a 'java/lang/NoSuchMethodError'{0x000000071425dc08}: 'java.lang.Object java.lang.invoke.Invokers$Holder.invokeExact_MT(java.lang.Object, java.lang.Object, java.lang.Object, java.lang.Object, java.lang.Object, java.lang.Object)'> (0x000000071425dc08) 
thrown [s\src\hotspot\share\interpreter\linkResolver.cpp, line 784]
Event: 0.337 Thread 0x000002a2aee137a0 Exception <a 'java/lang/NoSuchMethodError'{0x00000007140ec9f8}: 'java.lang.Object java.lang.invoke.DirectMethodHandle$Holder.newInvokeSpecial(java.lang.Object, java.lang.Object, java.lang.Object, java.lang.Object, java.lang.Object)'> (0x00000007140ec9f8) 
thrown [s\src\hotspot\share\interpreter\linkResolver.cpp, line 784]
Event: 0.367 Thread 0x000002a2aee137a0 Exception <a 'java/lang/NoSuchMethodError'{0x0000000713e74ba8}: 'java.lang.Object java.lang.invoke.DirectMethodHandle$Holder.invokeSpecial(java.lang.Object, java.lang.Object, java.lang.Object, java.lang.Object, int)'> (0x0000000713e74ba8) 
thrown [s\src\hotspot\share\interpreter\linkResolver.cpp, line 784]
Event: 0.367 Thread 0x000002a2aee137a0 Exception <a 'java/lang/NoSuchMethodError'{0x0000000713e78510}: 'java.lang.Object java.lang.invoke.Invokers$Holder.linkToTargetMethod(java.lang.Object, java.lang.Object, int, java.lang.Object)'> (0x0000000713e78510) 
thrown [s\src\hotspot\share\interpreter\linkResolver.cpp, line 784]
Event: 0.372 Thread 0x000002a2aee137a0 Exception <a 'java/lang/NoSuchMethodError'{0x0000000713ea6808}: 'void java.lang.invoke.DirectMethodHandle$Holder.invokeSpecial(java.lang.Object, java.lang.Object, java.lang.Object)'> (0x0000000713ea6808) 
thrown [s\src\hotspot\share\interpreter\linkResolver.cpp, line 784]
Event: 0.383 Thread 0x000002a312543920 Exception <a 'java/lang/NoSuchMethodError'{0x0000000714092c70}: 'void java.lang.invoke.DirectMethodHandle$Holder.invokeStatic(java.lang.Object, java.lang.Object, int)'> (0x0000000714092c70) 
thrown [s\src\hotspot\share\interpreter\linkResolver.cpp, line 784]
Event: 0.384 Thread 0x000002a2aee137a0 Exception <a 'java/lang/NoSuchMethodError'{0x0000000713f36a68}: 'void java.lang.invoke.DirectMethodHandle$Holder.invokeSpecial(java.lang.Object, java.lang.Object, java.lang.Object, java.lang.Object, java.lang.Object)'> (0x0000000713f36a68) 
thrown [s\src\hotspot\share\interpreter\linkResolver.cpp, line 784]
Event: 0.388 Thread 0x000002a312543920 Exception <a 'java/lang/NoSuchMethodError'{0x00000007140cd100}: 'void java.lang.invoke.DirectMethodHandle$Holder.invokeStatic(java.lang.Object, java.lang.Object)'> (0x00000007140cd100) 
thrown [s\src\hotspot\share\interpreter\linkResolver.cpp, line 784]
Event: 0.389 Thread 0x000002a3125a5f10 Exception <a 'java/lang/NoSuchMethodError'{0x0000000713fe8110}: 'void java.lang.invoke.DirectMethodHandle$Holder.invokeInterface(java.lang.Object, java.lang.Object, java.lang.Object)'> (0x0000000713fe8110) 
thrown [s\src\hotspot\share\interpreter\linkResolver.cpp, line 784]
Event: 0.395 Thread 0x000002a3125a5f10 Exception <a 'java/lang/NoSuchMethodError'{0x0000000713c36428}: 'void java.lang.invoke.DirectMethodHandle$Holder.invokeVirtual(java.lang.Object, java.lang.Object)'> (0x0000000713c36428) 
thrown [s\src\hotspot\share\interpreter\linkResolver.cpp, line 784]
Event: 0.482 Thread 0x000002a3125a5f10 Exception <a 'java/lang/NoSuchMethodError'{0x0000000713a476e8}: 'void java.lang.invoke.DirectMethodHandle$Holder.invokeInterface(java.lang.Object, java.lang.Object)'> (0x0000000713a476e8) 
thrown [s\src\hotspot\share\interpreter\linkResolver.cpp, line 784]
Event: 0.519 Thread 0x000002a3125a5f10 Exception <a 'java/lang/NoSuchMethodError'{0x0000000713abec50}: 'void java.lang.invoke.DirectMethodHandle$Holder.invokeStatic(java.lang.Object, java.lang.Object, java.lang.Object, java.lang.Object)'> (0x0000000713abec50) 
thrown [s\src\hotspot\share\interpreter\linkResolver.cpp, line 784]

ZGC Phase Switch (0 events):
No events

VM Operations (12 events):
Event: 0.066 Executing VM operation: HandshakeAllThreads (Deoptimize)
Event: 0.066 Executing VM operation: HandshakeAllThreads (Deoptimize) done
Event: 0.072 Executing VM operation: HandshakeAllThreads (Deoptimize)
Event: 0.072 Executing VM operation: HandshakeAllThreads (Deoptimize) done
Event: 0.192 Executing VM operation: HandshakeAllThreads (Deoptimize)
Event: 0.192 Executing VM operation: HandshakeAllThreads (Deoptimize) done
Event: 0.384 Executing VM operation: HandshakeAllThreads (Deoptimize)
Event: 0.384 Executing VM operation: HandshakeAllThreads (Deoptimize) done
Event: 0.486 Executing VM operation: ICBufferFull
Event: 0.486 Executing VM operation: ICBufferFull done
Event: 1.497 Executing VM operation: Cleanup
Event: 1.497 Executing VM operation: Cleanup done

Memory protections (0 events):
No events

Nmethod flushes (0 events):
No events

Events (20 events):
Event: 0.043 Thread 0x000002a2aee137a0 Thread added: 0x000002a2cc9edf00
Event: 0.043 Thread 0x000002a2aee137a0 Thread added: 0x000002a2cc9eea80
Event: 0.043 Thread 0x000002a2aee137a0 Thread added: 0x000002a2cc9ef600
Event: 0.043 Thread 0x000002a2aee137a0 Thread added: 0x000002a2cc9f24c0
Event: 0.043 Thread 0x000002a2aee137a0 Thread added: 0x000002a2cc9f32e0
Event: 0.053 Thread 0x000002a2cc9f32e0 Thread added: 0x000002a2ccaf8730
Event: 0.055 Thread 0x000002a2aee137a0 Thread added: 0x000002a2ccb3de80
Event: 0.057 Thread 0x000002a2aee137a0 Thread added: 0x000002a2ccb45ef0
Event: 0.059 Loaded shared library C:\Users\RomanDu\AppData\Local\Programs\Rider\jbr\bin\net.dll
Event: 0.061 Loaded shared library C:\Users\RomanDu\AppData\Local\Programs\Rider\jbr\bin\nio.dll
Event: 0.064 Loaded shared library C:\Users\RomanDu\AppData\Local\Programs\Rider\jbr\bin\zip.dll
Event: 0.102 Loaded shared library C:\Users\RomanDu\AppData\Local\Programs\Rider\jbr\bin\jimage.dll
Event: 0.200 Thread 0x000002a2ccaf8730 Thread added: 0x000002a2ccafb010
Event: 0.200 Thread 0x000002a2ccaf8730 Thread added: 0x000002a2ccafb6e0
Event: 0.294 Loaded shared library C:\Users\RomanDu\AppData\Local\Programs\Rider\jbr\bin\sunmscapi.dll
Event: 0.329 Loaded shared library C:\Users\RomanDu\AppData\Local\Programs\Rider\jbr\bin\extnet.dll
Event: 0.334 Thread 0x000002a2aee137a0 Thread added: 0x000002a312543920
Event: 0.387 Thread 0x000002a312543920 Thread added: 0x000002a3125a5f10
Event: 0.400 Thread 0x000002a312543920 Thread added: 0x000002a3125bb060
Event: 0.432 Thread 0x000002a2ccaf8730 Thread added: 0x000002a2ccafbdb0


Dynamic libraries:
0x00007ff613860000 - 0x00007ff61386a000 	C:\Users\RomanDu\AppData\Local\Programs\Rider\jbr\bin\java.exe
0x00007ffe857c0000 - 0x00007ffe85a23000 	C:\WINDOWS\SYSTEM32\ntdll.dll
0x00007ffe83760000 - 0x00007ffe83827000 	C:\WINDOWS\System32\KERNEL32.DLL
0x00007ffe830a0000 - 0x00007ffe83469000 	C:\WINDOWS\System32\KERNELBASE.dll
0x00007ffe829c0000 - 0x00007ffe82b0c000 	C:\WINDOWS\System32\ucrtbase.dll
0x00007ffe77680000 - 0x00007ffe7769b000 	C:\Users\RomanDu\AppData\Local\Programs\Rider\jbr\bin\VCRUNTIME140.dll
0x00007ffe3eba0000 - 0x00007ffe3ebb8000 	C:\Users\RomanDu\AppData\Local\Programs\Rider\jbr\bin\jli.dll
0x00007ffe83eb0000 - 0x00007ffe8407a000 	C:\WINDOWS\System32\USER32.dll
0x00007ffe83070000 - 0x00007ffe83097000 	C:\WINDOWS\System32\win32u.dll
0x00007ffe70800000 - 0x00007ffe70a90000 	C:\WINDOWS\WinSxS\amd64_microsoft.windows.common-controls_6595b64144ccf1df_6.0.26100.3323_none_3e088096e3344490\COMCTL32.dll
0x00007ffe83e80000 - 0x00007ffe83eaa000 	C:\WINDOWS\System32\GDI32.dll
0x00007ffe83830000 - 0x00007ffe838d9000 	C:\WINDOWS\System32\msvcrt.dll
0x00007ffe82e00000 - 0x00007ffe82f31000 	C:\WINDOWS\System32\gdi32full.dll
0x00007ffe83470000 - 0x00007ffe83513000 	C:\WINDOWS\System32\msvcp_win.dll
0x00007ffe856c0000 - 0x00007ffe856ef000 	C:\WINDOWS\System32\IMM32.DLL
0x00007ffe77a70000 - 0x00007ffe77a7c000 	C:\Users\RomanDu\AppData\Local\Programs\Rider\jbr\bin\vcruntime140_1.dll
0x00007ffdbbdb0000 - 0x00007ffdbbe3d000 	C:\Users\RomanDu\AppData\Local\Programs\Rider\jbr\bin\msvcp140.dll
0x00007ffe24cd0000 - 0x00007ffe25a91000 	C:\Users\RomanDu\AppData\Local\Programs\Rider\jbr\bin\server\jvm.dll
0x00007ffe83ce0000 - 0x00007ffe83d92000 	C:\WINDOWS\System32\ADVAPI32.dll
0x00007ffe835e0000 - 0x00007ffe83686000 	C:\WINDOWS\System32\sechost.dll
0x00007ffe84140000 - 0x00007ffe84256000 	C:\WINDOWS\System32\RPCRT4.dll
0x00007ffe85700000 - 0x00007ffe85774000 	C:\WINDOWS\System32\WS2_32.dll
0x00007ffe82850000 - 0x00007ffe8289e000 	C:\WINDOWS\SYSTEM32\POWRPROF.dll
0x00007ffe72920000 - 0x00007ffe7292b000 	C:\WINDOWS\SYSTEM32\VERSION.dll
0x00007ffe68e30000 - 0x00007ffe68e66000 	C:\WINDOWS\SYSTEM32\WINMM.dll
0x00007ffe82830000 - 0x00007ffe82844000 	C:\WINDOWS\SYSTEM32\UMPDC.dll
0x00007ffe817a0000 - 0x00007ffe817ba000 	C:\WINDOWS\SYSTEM32\kernel.appcore.dll
0x00007ffe77650000 - 0x00007ffe7765a000 	C:\Users\RomanDu\AppData\Local\Programs\Rider\jbr\bin\jimage.dll
0x00007ffe7ffc0000 - 0x00007ffe80201000 	C:\WINDOWS\SYSTEM32\DBGHELP.DLL
0x00007ffe85330000 - 0x00007ffe856b2000 	C:\WINDOWS\System32\combase.dll
0x00007ffe83da0000 - 0x00007ffe83e76000 	C:\WINDOWS\System32\OLEAUT32.dll
0x00007ffe5d9a0000 - 0x00007ffe5d9d9000 	C:\WINDOWS\SYSTEM32\dbgcore.DLL
0x00007ffe82fd0000 - 0x00007ffe83069000 	C:\WINDOWS\System32\bcryptPrimitives.dll
0x00007ffe76420000 - 0x00007ffe76440000 	C:\Users\RomanDu\AppData\Local\Programs\Rider\jbr\bin\java.dll
0x00007ffe84940000 - 0x00007ffe85055000 	C:\WINDOWS\System32\SHELL32.dll
0x00007ffe82b10000 - 0x00007ffe82c78000 	C:\WINDOWS\System32\wintypes.dll
0x00007ffe80660000 - 0x00007ffe80ea5000 	C:\WINDOWS\SYSTEM32\windows.storage.dll
0x00007ffe83bf0000 - 0x00007ffe83cdb000 	C:\WINDOWS\System32\SHCORE.dll
0x00007ffe850e0000 - 0x00007ffe8513d000 	C:\WINDOWS\System32\shlwapi.dll
0x00007ffe828d0000 - 0x00007ffe828ff000 	C:\WINDOWS\SYSTEM32\profapi.dll
0x00007ffe76400000 - 0x00007ffe76418000 	C:\Users\RomanDu\AppData\Local\Programs\Rider\jbr\bin\zip.dll
0x00007ffe76b90000 - 0x00007ffe76ba0000 	C:\Users\RomanDu\AppData\Local\Programs\Rider\jbr\bin\net.dll
0x00007ffe7acb0000 - 0x00007ffe7adce000 	C:\WINDOWS\SYSTEM32\WINHTTP.dll
0x00007ffe81ca0000 - 0x00007ffe81d0a000 	C:\WINDOWS\system32\mswsock.dll
0x00007ffe76360000 - 0x00007ffe76376000 	C:\Users\RomanDu\AppData\Local\Programs\Rider\jbr\bin\nio.dll
0x00007ffe82050000 - 0x00007ffe8206c000 	C:\WINDOWS\SYSTEM32\CRYPTSP.dll
0x00007ffe81700000 - 0x00007ffe8173a000 	C:\WINDOWS\system32\rsaenh.dll
0x00007ffe81d40000 - 0x00007ffe81d6b000 	C:\WINDOWS\SYSTEM32\USERENV.dll
0x00007ffe821e0000 - 0x00007ffe82206000 	C:\WINDOWS\SYSTEM32\bcrypt.dll
0x00007ffe81ed0000 - 0x00007ffe81edc000 	C:\WINDOWS\SYSTEM32\CRYPTBASE.dll
0x00007ffe81210000 - 0x00007ffe81243000 	C:\WINDOWS\SYSTEM32\IPHLPAPI.DLL
0x00007ffe85140000 - 0x00007ffe8514a000 	C:\WINDOWS\System32\NSI.dll
0x00007ffe76830000 - 0x00007ffe7683e000 	C:\Users\RomanDu\AppData\Local\Programs\Rider\jbr\bin\sunmscapi.dll
0x00007ffe82c80000 - 0x00007ffe82df7000 	C:\WINDOWS\System32\CRYPT32.dll
0x00007ffe821a0000 - 0x00007ffe821d0000 	C:\WINDOWS\SYSTEM32\ncrypt.dll
0x00007ffe82150000 - 0x00007ffe8218f000 	C:\WINDOWS\SYSTEM32\NTASN1.dll
0x00007ffe71e90000 - 0x00007ffe71e98000 	C:\WINDOWS\system32\wshunix.dll
0x00007ffe76350000 - 0x00007ffe76359000 	C:\Users\RomanDu\AppData\Local\Programs\Rider\jbr\bin\extnet.dll

dbghelp: loaded successfully - version: 4.0.5 - missing functions: none
symbol engine: initialized successfully - sym options: 0x614 - pdb path: .;C:\Users\RomanDu\AppData\Local\Programs\Rider\jbr\bin;C:\WINDOWS\SYSTEM32;C:\WINDOWS\WinSxS\amd64_microsoft.windows.common-controls_6595b64144ccf1df_6.0.26100.3323_none_3e088096e3344490;C:\Users\RomanDu\AppData\Local\Programs\Rider\jbr\bin\server

VM Arguments:
java_command: git4idea.http.GitAskPassApp Username for 'https://github.com': 
java_class_path (initial): C:/Users/RomanDu/AppData/Local/Programs/Rider/plugins/vcs-git/lib/git4idea-rt.jar;C:/Users/RomanDu/AppData/Local/Programs/Rider/lib/externalProcess-rt.jar
Launcher Type: SUN_STANDARD

[Global flags]
     intx CICompilerCount                          = 12                                        {product} {ergonomic}
     uint ConcGCThreads                            = 3                                         {product} {ergonomic}
     uint G1ConcRefinementThreads                  = 13                                        {product} {ergonomic}
   size_t G1HeapRegionSize                         = 2097152                                   {product} {ergonomic}
    uintx GCDrainStackTargetSize                   = 64                                        {product} {ergonomic}
   size_t InitialHeapSize                          = 264241152                                 {product} {ergonomic}
   size_t MarkStackSize                            = 4194304                                   {product} {ergonomic}
   size_t MaxHeapSize                              = 4211081216                                {product} {ergonomic}
   size_t MaxNewSize                               = 2524971008                                {product} {ergonomic}
   size_t MinHeapDeltaBytes                        = 2097152                                   {product} {ergonomic}
   size_t MinHeapSize                              = 8388608                                   {product} {ergonomic}
    uintx NonNMethodCodeHeapSize                   = 7602480                                {pd product} {ergonomic}
    uintx NonProfiledCodeHeapSize                  = 122027880                              {pd product} {ergonomic}
    uintx ProfiledCodeHeapSize                     = 122027880                              {pd product} {ergonomic}
    uintx ReservedCodeCacheSize                    = 251658240                              {pd product} {ergonomic}
     bool SegmentedCodeCache                       = true                                      {product} {ergonomic}
   size_t SoftMaxHeapSize                          = 4211081216                             {manageable} {ergonomic}
     bool UseCompressedOops                        = true                           {product lp64_product} {ergonomic}
     bool UseG1GC                                  = true                                      {product} {ergonomic}
     bool UseLargePagesIndividualAllocation        = false                                  {pd product} {ergonomic}

Logging:
Log output configuration:
 #0: stdout all=warning uptime,level,tags foldmultilines=false
 #1: stderr all=off uptime,level,tags foldmultilines=false

Environment Variables:
PATH=C:\Program Files\Git\mingw64\libexec\git-core;C:\Program Files\Git\mingw64\libexec\git-core;C:\Program Files\Git\mingw64\bin;C:\Program Files\Git\usr\bin;C:\Users\RomanDu\bin;C:\Users\RomanDu\AppData\Local\Programs\cursor\resources\app\bin;C:\Windows\system32;C:\Windows;C:\Windows\System32\Wbem;C:\Windows\System32\WindowsPowerShell\v1.0;C:\Windows\System32\OpenSSH;C:\Program Files\Git\cmd;C:\Program Files\dotnet;C:\Program Files\Microsoft SQL Server\150\Tools\Binn;C:\Program Files\Microsoft SQL Server\Client SDK\ODBC\170\Tools\Binn;C:\Program Files\nodejs;C:\Users\RomanDu\.abp\studio\cli\old;C:\Users\RomanDu\AppData\Local\Microsoft\WindowsApps;C:\Users\RomanDu\AppData\Local\JetBrains\Toolbox\scripts;C:\Users\RomanDu\AppData\Roaming\Programs\Zero Install;C:\Users\RomanDu\.dotnet\tools;C:\Users\RomanDu\AppData\Roaming\npm;C:\WINDOWS\system32;C:\WINDOWS;C:\WINDOWS\System32\Wbem;C:\WINDOWS\System32\WindowsPowerShell\v1.0;C:\WINDOWS\System32\OpenSSH;C:\Program Files\RedHat\Podman;C:\Users\RomanDu\AppData\Local\Programs\Python\Launcher;C:\Users\RomanDu\AppData\Local\Programs\Microsoft VS Code\bin;C:\Users\RomanDu\AppData\Local\Programs\EmEditor
USERNAME=RomanDu
DISPLAY=:0.0
LC_ALL=en_US.UTF-8
TERM=xterm-256color
TMPDIR=C:\Users\RomanDu\AppData\Local\Temp
OS=Windows_NT
PROCESSOR_IDENTIFIER=Intel64 Family 6 Model 154 Stepping 3, GenuineIntel
TMP=C:\Users\RomanDu\AppData\Local\Temp
TEMP=C:\Users\RomanDu\AppData\Local\Temp




Periodic native trim disabled

JNI global refs:
JNI global refs: 29, weak refs: 0

JNI global refs memory usage: 835, weak refs: 201

Process memory usage:
Resident Set Size: 89636K (0% of 16445084K total physical memory with 607120K free physical memory)

OOME stack traces (most recent first):
Classloader memory used:
Loader bootstrap                                                                       : 7368K
Loader jdk.internal.loader.ClassLoaders$PlatformClassLoader                            : 1903K
Loader jdk.internal.loader.ClassLoaders$AppClassLoader                                 : 16448B

---------------  S Y S T E M  ---------------

OS:
 Windows 11 , 64 bit Build 26100 (10.0.26100.3323)
OS uptime: 6 days 13:46 hours
Hyper-V role detected

CPU: total 16 (initial active 16) (8 cores per cpu, 2 threads per core) family 6 model 154 stepping 3 microcode 0x429, cx8, cmov, fxsr, ht, mmx, 3dnowpref, sse, sse2, sse3, ssse3, sse4.1, sse4.2, popcnt, lzcnt, tsc, tscinvbit, avx, avx2, aes, erms, clmul, bmi1, bmi2, adx, sha, fma, vzeroupper, clflush, clflushopt, clwb, hv, serialize, rdtscp, rdpid, fsrm, f16c, cet_ibt, cet_ss
Processor Information for processor 0
  Max Mhz: 2100, Current Mhz: 2100, Mhz Limit: 2100
Processor Information for processor 1
  Max Mhz: 2100, Current Mhz: 2100, Mhz Limit: 2100
Processor Information for processor 2
  Max Mhz: 2100, Current Mhz: 2100, Mhz Limit: 2100
Processor Information for processor 3
  Max Mhz: 2100, Current Mhz: 2100, Mhz Limit: 2100
Processor Information for processor 4
  Max Mhz: 2100, Current Mhz: 2100, Mhz Limit: 2100
Processor Information for processor 5
  Max Mhz: 2100, Current Mhz: 2100, Mhz Limit: 2100
Processor Information for processor 6
  Max Mhz: 2100, Current Mhz: 2100, Mhz Limit: 2100
Processor Information for processor 7
  Max Mhz: 2100, Current Mhz: 2100, Mhz Limit: 2100
Processor Information for processor 8
  Max Mhz: 2100, Current Mhz: 1500, Mhz Limit: 1491
Processor Information for processor 9
  Max Mhz: 2100, Current Mhz: 1500, Mhz Limit: 1491
Processor Information for processor 10
  Max Mhz: 2100, Current Mhz: 1500, Mhz Limit: 1491
Processor Information for processor 11
  Max Mhz: 2100, Current Mhz: 1500, Mhz Limit: 1491
Processor Information for processor 12
  Max Mhz: 2100, Current Mhz: 1500, Mhz Limit: 1491
Processor Information for processor 13
  Max Mhz: 2100, Current Mhz: 1500, Mhz Limit: 1491
Processor Information for processor 14
  Max Mhz: 2100, Current Mhz: 1500, Mhz Limit: 1491
Processor Information for processor 15
  Max Mhz: 2100, Current Mhz: 1500, Mhz Limit: 1491

Memory: 4k page, system-wide physical 16059M (592M free)
TotalPageFile size 48059M (AvailPageFile size 29M)
current process WorkingSet (physical memory assigned to process): 87M, peak: 88M
current process commit charge ("private bytes"): 374M, peak: 376M

vm_info: OpenJDK 64-Bit Server VM (21.0.6+8-b631.39) for windows-amd64 JRE (21.0.6+8-b631.39), built on 2025-02-04 by "builduser" with MS VC++ 16.10 / 16.11 (VS2019)

END.
